This is XeTeX, Version 3.14159265-2.6-0.99999 (TeX Live 2018) (preloaded format=xelatex 2018.10.23)  9 JUL 2019 21:24
entering extended mode
 restricted \write18 enabled.
 %&-line parsing enabled.
**main.tex
(./main.tex
LaTeX2e <2018-04-01> patch level 2
Babel <3.18> and hyphenation patterns for 84 language(s) loaded.
(./bioinfo.cls
Document Class: bioinfo 2003/02/08 0.1
(/usr/local/texlive/2018/texmf-dist/tex/latex/base/inputenc.sty
Package: inputenc 2018/04/06 v1.3b Input encoding file
\inpenc@prehook=\toks14
\inpenc@posthook=\toks15
) (./crop.sty
Package: crop 2001/11/16 v1.6 cropmarks (mf)
\CROP@width=\dimen102
\CROP@height=\dimen103
\CROP@index=\count80

(/usr/local/texlive/2018/texmf-dist/tex/latex/graphics/graphics.sty
Package: graphics 2017/06/25 v1.2c Standard LaTeX Graphics (DPC,SPQR)

(/usr/local/texlive/2018/texmf-dist/tex/latex/graphics/trig.sty
Package: trig 2016/01/03 v1.10 sin cos tan (DPC)
)
(/usr/local/texlive/2018/texmf-dist/tex/latex/graphics-cfg/graphics.cfg
File: graphics.cfg 2016/06/04 v1.11 sample graphics configuration
)
Package graphics Info: Driver file: xetex.def on input line 99.

(/usr/local/texlive/2018/texmf-dist/tex/latex/graphics-def/xetex.def
File: xetex.def 2017/06/24 v5.0h Graphics/color driver for xetex
))
\CROP@offset=\count81
Package crop Info: Local config file crop.cfg used on input line 344.

(./crop.cfg)) (./graphicx.sty
Package: graphicx 1999/02/16 v1.0f Enhanced LaTeX Graphics (DPC,SPQR)

(/usr/local/texlive/2018/texmf-dist/tex/latex/graphics/keyval.sty
Package: keyval 2014/10/28 v1.15 key=value parser (DPC)
\KV@toks@=\toks16
)
\Gin@req@height=\dimen104
\Gin@req@width=\dimen105
)
(/usr/local/texlive/2018/texmf-dist/tex/latex/amsmath/amsmath.sty
Package: amsmath 2017/09/02 v2.17a AMS math features
\@mathmargin=\skip41

For additional information on amsmath, use the `?' option.
(/usr/local/texlive/2018/texmf-dist/tex/latex/amsmath/amstext.sty
Package: amstext 2000/06/29 v2.01 AMS text

(/usr/local/texlive/2018/texmf-dist/tex/latex/amsmath/amsgen.sty
File: amsgen.sty 1999/11/30 v2.0 generic functions
\@emptytoks=\toks17
\ex@=\dimen106
))
(/usr/local/texlive/2018/texmf-dist/tex/latex/amsmath/amsbsy.sty
Package: amsbsy 1999/11/29 v1.2d Bold Symbols
\pmbraise@=\dimen107
)
(/usr/local/texlive/2018/texmf-dist/tex/latex/amsmath/amsopn.sty
Package: amsopn 2016/03/08 v2.02 operator names
)
\inf@bad=\count82
LaTeX Info: Redefining \frac on input line 213.
\uproot@=\count83
\leftroot@=\count84
LaTeX Info: Redefining \overline on input line 375.
\classnum@=\count85
\DOTSCASE@=\count86
LaTeX Info: Redefining \ldots on input line 472.
LaTeX Info: Redefining \dots on input line 475.
LaTeX Info: Redefining \cdots on input line 596.
\Mathstrutbox@=\box26
\strutbox@=\box27
\big@size=\dimen108
LaTeX Font Info:    Redeclaring font encoding OML on input line 712.
LaTeX Font Info:    Redeclaring font encoding OMS on input line 713.
\macc@depth=\count87
\c@MaxMatrixCols=\count88
\dotsspace@=\muskip10
\c@parentequation=\count89
\dspbrk@lvl=\count90
\tag@help=\toks18
\row@=\count91
\column@=\count92
\maxfields@=\count93
\andhelp@=\toks19
\eqnshift@=\dimen109
\alignsep@=\dimen110
\tagshift@=\dimen111
\tagwidth@=\dimen112
\totwidth@=\dimen113
\lineht@=\dimen114
\@envbody=\toks20
\multlinegap=\skip42
\multlinetaggap=\skip43
\mathdisplay@stack=\toks21
LaTeX Info: Redefining \[ on input line 2817.
LaTeX Info: Redefining \] on input line 2818.
) (./array.sty
Package: array 1998/05/13 v2.3m Tabular extension package (FMi)
\col@sep=\dimen115
\extrarowheight=\dimen116
\NC@list=\toks22
\extratabsurround=\skip44
\backup@length=\skip45
) (./color.sty
Package: color 1999/02/16 v1.0i Standard LaTeX Color (DPC)

(/usr/local/texlive/2018/texmf-dist/tex/latex/graphics-cfg/color.cfg
File: color.cfg 2016/01/02 v1.6 sample color configuration
)
Package color Info: Driver file: xetex.def on input line 125.
)
(/usr/local/texlive/2018/texmf-dist/tex/latex/amsfonts/amssymb.sty
Package: amssymb 2013/01/14 v3.01 AMS font symbols

(/usr/local/texlive/2018/texmf-dist/tex/latex/amsfonts/amsfonts.sty
Package: amsfonts 2013/01/14 v3.01 Basic AMSFonts support
\symAMSa=\mathgroup4
\symAMSb=\mathgroup5
LaTeX Font Info:    Overwriting math alphabet `\mathfrak' in version `bold'
(Font)                  U/euf/m/n --> U/euf/b/n on input line 106.
))
(./flushend.sty
Package: flushend 1997/10/01
\@aaa=\box28
\@ccc=\box29
\@viper=\box30
\hold@viper=\box31
\atColsBreak=\toks23
\@extra@skip=\dimen117
\@nd@page@rule=\dimen118
) (./stfloats.sty
Package: stfloats 1999/10/22
\@dblbotnum=\count94
\c@dblbotnumber=\count95
)
(/usr/local/texlive/2018/texmf-dist/tex/latex/amscls/amsthm.sty
Package: amsthm 2017/10/31 v2.20.4
\thm@style=\toks24
\thm@bodyfont=\toks25
\thm@headfont=\toks26
\thm@notefont=\toks27
\thm@headpunct=\toks28
\thm@preskip=\skip46
\thm@postskip=\skip47
\thm@headsep=\skip48
\dth@everypar=\toks29
)
(./chngpage.sty
Package: chngpage 2001/01/31 v1.1b change page layout
\c@cp@cnt=\count96
\c@cp@tempcnt=\count97
) (/usr/local/texlive/2018/texmf-dist/tex/latex/psnfss/times.sty
Package: times 2005/04/12 PSNFSS-v9.2a (SPQR) 
) (/usr/local/texlive/2018/texmf-dist/tex/latex/base/fontenc.sty
Package: fontenc 2017/04/05 v2.0i Standard LaTeX package

(/usr/local/texlive/2018/texmf-dist/tex/latex/ly1/ly1enc.def
File: ly1enc.def 2009/07/22 v0.7 TeX 'n ANSI encoding (DPC/KB)
)
LaTeX Font Info:    Try loading font information for LY1+ptm on input line 105.


(/usr/local/texlive/2018/texmf-dist/tex/latex/ly1/ly1ptm.fd
File: ly1ptm.fd 2001/02/01 font definitions for LY1/ptm using Berry names.
))
\c@section=\count98
\c@subsection=\count99
\c@subsubsection=\count100
\c@paragraph=\count101
\c@subparagraph=\count102
\c@figure=\count103
\c@table=\count104
\dropfromtop=\skip49
\extraspace=\skip50
\aboveskipchk=\skip51
\abovecaptionskip=\skip52
\belowcaptionskip=\skip53
\rotdimen=\dimen119
\tempdime=\dimen120
\temptbox=\box32
 (./natbib.sty
Package: natbib 2000/07/24 7.0a (PWD)
\bibhang=\skip54
\bibsep=\skip55
LaTeX Info: Redefining \cite on input line 508.
\c@NAT@ctr=\count105
))
(./main.aux)
\openout1 = `main.aux'.

LaTeX Font Info:    Checking defaults for OML/cmm/m/it on input line 7.
LaTeX Font Info:    ... okay on input line 7.
LaTeX Font Info:    Checking defaults for T1/cmr/m/n on input line 7.
LaTeX Font Info:    ... okay on input line 7.
LaTeX Font Info:    Checking defaults for OT1/cmr/m/n on input line 7.
LaTeX Font Info:    ... okay on input line 7.
LaTeX Font Info:    Checking defaults for OMS/cmsy/m/n on input line 7.
LaTeX Font Info:    ... okay on input line 7.
LaTeX Font Info:    Checking defaults for TU/lmr/m/n on input line 7.
LaTeX Font Info:    ... okay on input line 7.
LaTeX Font Info:    Checking defaults for OMX/cmex/m/n on input line 7.
LaTeX Font Info:    ... okay on input line 7.
LaTeX Font Info:    Checking defaults for U/cmr/m/n on input line 7.
LaTeX Font Info:    ... okay on input line 7.
LaTeX Font Info:    Checking defaults for LY1/ptm/m/n on input line 7.
LaTeX Font Info:    ... okay on input line 7.
LaTeX Font Info:    Try loading font information for LY1+phv on input line 37.
 (/usr/local/texlive/2018/texmf-dist/tex/latex/ly1/ly1phv.fd
File: ly1phv.fd 2001/02/01 scalable font definitions for LY1/phv using Berry na
mes.
)
Invalid UTF-8 byte or sequence at line 37 replaced by U+FFFD.
Invalid UTF-8 byte or sequence at line 37 replaced by U+FFFD.
Invalid UTF-8 byte or sequence at line 37 replaced by U+FFFD.
Invalid UTF-8 byte or sequence at line 37 replaced by U+FFFD.
Invalid UTF-8 byte or sequence at line 37 replaced by U+FFFD.
Invalid UTF-8 byte or sequence at line 37 replaced by U+FFFD.
File: OUP_First_SBk_Bot_8401.eps Graphic file (type eps)
<OUP_First_SBk_Bot_8401.eps>
LaTeX Font Info:    Font shape `LY1/phv/bx/n' in size <8> not available
(Font)              Font shape `LY1/phv/b/n' tried instead on input line 37.
LaTeX Font Info:    Font shape `LY1/phv/bx/n' in size <18> not available
(Font)              Font shape `LY1/phv/b/n' tried instead on input line 37.
LaTeX Font Info:    Font shape `LY1/phv/bx/n' in size <12> not available
(Font)              Font shape `LY1/phv/b/n' tried instead on input line 37.
LaTeX Font Info:    Try loading font information for U+msa on input line 37.

(/usr/local/texlive/2018/texmf-dist/tex/latex/amsfonts/umsa.fd
File: umsa.fd 2013/01/14 v3.01 AMS symbols A
)
LaTeX Font Info:    Try loading font information for U+msb on input line 37.

(/usr/local/texlive/2018/texmf-dist/tex/latex/amsfonts/umsb.fd
File: umsb.fd 2013/01/14 v3.01 AMS symbols B
)
LaTeX Font Info:    Font shape `LY1/phv/bx/n' in size <9> not available
(Font)              Font shape `LY1/phv/b/n' tried instead on input line 37.
LaTeX Font Info:    Font shape `LY1/phv/bx/n' in size <7> not available
(Font)              Font shape `LY1/phv/b/n' tried instead on input line 37.


LaTeX Font Warning: Font shape `OT1/cmr/m/n' in size <6.5> not available
(Font)              size <6> substituted on input line 37.


LaTeX Font Warning: Font shape `OML/cmm/m/it' in size <6.5> not available
(Font)              size <6> substituted on input line 37.


LaTeX Font Warning: Font shape `OMS/cmsy/m/n' in size <6.5> not available
(Font)              size <6> substituted on input line 37.

LaTeX Font Info:    Calculating math sizes for size <8.5> on input line 37.

LaTeX Font Warning: Font shape `OT1/cmr/m/n' in size <8.5> not available
(Font)              size <8> substituted on input line 37.


LaTeX Font Warning: Font shape `OT1/cmr/m/n' in size <4.25> not available
(Font)              size <5> substituted on input line 37.


LaTeX Font Warning: Font shape `OML/cmm/m/it' in size <8.5> not available
(Font)              size <8> substituted on input line 37.


LaTeX Font Warning: Font shape `OML/cmm/m/it' in size <4.25> not available
(Font)              size <5> substituted on input line 37.


LaTeX Font Warning: Font shape `OMS/cmsy/m/n' in size <8.5> not available
(Font)              size <8> substituted on input line 37.


LaTeX Font Warning: Font shape `OMS/cmsy/m/n' in size <4.25> not available
(Font)              size <5> substituted on input line 37.

LaTeX Font Info:    Font shape `LY1/phv/bx/n' in size <10> not available
(Font)              Font shape `LY1/phv/b/n' tried instead on input line 37.
LaTeX Font Info:    Font shape `LY1/phv/m/it' in size <9> not available
(Font)              Font shape `LY1/phv/m/sl' tried instead on input line 37.

Underfull \hbox (badness 10000) detected at line 37
[]
 []

LaTeX Font Info:    Font shape `LY1/ptm/bx/n' in size <8> not available
(Font)              Font shape `LY1/ptm/b/n' tried instead on input line 56.

LaTeX Warning: Reference `fig:02' on page 1 undefined on input line 56.


LaTeX Warning: Reference `fig:02' on page 1 undefined on input line 67.


LaTeX Warning: Reference `fig:02' on page 1 undefined on input line 72.


LaTeX Warning: Reference `fig:02' on page 1 undefined on input line 77.


LaTeX Warning: Reference `fig:02' on page 1 undefined on input line 90.


LaTeX Warning: Reference `fig:02' on page 1 undefined on input line 95.


LaTeX Warning: Reference `fig:02' on page 1 undefined on input line 100.


LaTeX Warning: Reference `fig:02' on page 1 undefined on input line 105.


LaTeX Warning: Reference `fig:02' on page 1 undefined on input line 113.


LaTeX Warning: Reference `fig:02' on page 1 undefined on input line 118.


LaTeX Warning: Reference `fig:02' on page 1 undefined on input line 123.


LaTeX Warning: Reference `fig:02' on page 1 undefined on input line 128.


Overfull \hbox (1.12001pt too wide) has occurred while \output is active
 []
 []

[1



]

LaTeX Warning: Reference `fig:02' on page 2 undefined on input line 137.


LaTeX Warning: Reference `fig:02' on page 2 undefined on input line 142.


LaTeX Warning: Reference `fig:02' on page 2 undefined on input line 147.


LaTeX Warning: Reference `fig:02' on page 2 undefined on input line 155.


LaTeX Warning: Reference `fig:02' on page 2 undefined on input line 160.


LaTeX Warning: Reference `fig:02' on page 2 undefined on input line 170.


LaTeX Warning: Reference `fig:02' on page 2 undefined on input line 175.


LaTeX Warning: Reference `fig:02' on page 2 undefined on input line 180.


LaTeX Warning: Reference `fig:02' on page 2 undefined on input line 185.


LaTeX Warning: Reference `fig:02' on page 2 undefined on input line 190.


LaTeX Warning: Reference `fig:02' on page 2 undefined on input line 195.


LaTeX Warning: Reference `fig:02' on page 2 undefined on input line 200.


LaTeX Warning: Reference `fig:02' on page 2 undefined on input line 211.


LaTeX Warning: Reference `fig:02' on page 2 undefined on input line 216.


LaTeX Warning: Reference `fig:02' on page 2 undefined on input line 221.


LaTeX Warning: Reference `fig:02' on page 2 undefined on input line 229.


LaTeX Warning: Reference `fig:02' on page 2 undefined on input line 234.


LaTeX Warning: Reference `fig:02' on page 2 undefined on input line 239.


LaTeX Warning: Reference `fig:02' on page 2 undefined on input line 247.


LaTeX Warning: Reference `fig:02' on page 2 undefined on input line 252.


LaTeX Warning: Reference `fig:02' on page 2 undefined on input line 257.


LaTeX Warning: Reference `fig:02' on page 2 undefined on input line 262.


LaTeX Warning: Reference `fig:02' on page 2 undefined on input line 267.


LaTeX Warning: Reference `fig:02' on page 2 undefined on input line 272.


LaTeX Warning: Reference `fig:02' on page 2 undefined on input line 277.


LaTeX Warning: Reference `fig:02' on page 2 undefined on input line 288.


LaTeX Warning: Reference `fig:02' on page 2 undefined on input line 293.


LaTeX Warning: Reference `fig:02' on page 2 undefined on input line 298.


Underfull \vbox (badness 10000) has occurred while \output is active []

LaTeX Font Info:    Font shape `LY1/phv/m/it' in size <8> not available
(Font)              Font shape `LY1/phv/m/sl' tried instead on input line 301.

Overfull \hbox (252.0pt too wide) has occurred while \output is active
[][] 
 []

[2]

LaTeX Warning: Reference `fig:02' on page 3 undefined on input line 306.


LaTeX Warning: Reference `fig:02' on page 3 undefined on input line 311.


LaTeX Warning: Reference `fig:02' on page 3 undefined on input line 316.


LaTeX Warning: Reference `fig:02' on page 3 undefined on input line 323.


LaTeX Warning: Reference `fig:02' on page 3 undefined on input line 328.


LaTeX Warning: Reference `fig:02' on page 3 undefined on input line 333.


LaTeX Warning: Reference `fig:02' on page 3 undefined on input line 339.


LaTeX Warning: Reference `fig:02' on page 3 undefined on input line 344.


LaTeX Warning: Reference `fig:02' on page 3 undefined on input line 349.


LaTeX Warning: Reference `fig:02' on page 3 undefined on input line 354.


LaTeX Warning: Reference `fig:02' on page 3 undefined on input line 363.


LaTeX Warning: Reference `fig:02' on page 3 undefined on input line 368.


LaTeX Warning: Reference `fig:02' on page 3 undefined on input line 373.

LaTeX Font Info:    Calculating math sizes for size <7.5> on input line 384.

LaTeX Font Warning: Font shape `OT1/cmr/m/n' in size <7.5> not available
(Font)              size <7> substituted on input line 384.


LaTeX Font Warning: Font shape `OT1/cmr/m/n' in size <3.75> not available
(Font)              size <5> substituted on input line 384.


LaTeX Font Warning: Font shape `OML/cmm/m/it' in size <7.5> not available
(Font)              size <7> substituted on input line 384.


LaTeX Font Warning: Font shape `OML/cmm/m/it' in size <3.75> not available
(Font)              size <5> substituted on input line 384.


LaTeX Font Warning: Font shape `OMS/cmsy/m/n' in size <7.5> not available
(Font)              size <7> substituted on input line 384.


LaTeX Font Warning: Font shape `OMS/cmsy/m/n' in size <3.75> not available
(Font)              size <5> substituted on input line 384.

LaTeX Font Info:    Try loading font information for LY1+phb on input line 384.

LaTeX Font Info:    No file LY1phb.fd. on input line 384.

LaTeX Font Warning: Font shape `LY1/phb/m/n' undefined
(Font)              using `LY1/ptm/m/n' instead on input line 384.


LaTeX Font Warning: Font shape `LY1/phb/bx/n' undefined
(Font)              using `LY1/phb/m/n' instead on input line 384.


Overfull \hbox (12.0pt too wide) in paragraph at lines 384--384
[]$[]$ 
 []


Overfull \hbox (1.0pt too wide) in paragraph at lines 392--394
[][][][][][][] 
 []

LaTeX Font Info:    Font shape `LY1/phv/bx/n' in size <6.5> not available
(Font)              Font shape `LY1/phv/b/n' tried instead on input line 394.

LaTeX Warning: Reference `fig:02' on page 3 undefined on input line 404.


LaTeX Warning: Reference `fig:02' on page 3 undefined on input line 409.


LaTeX Warning: Reference `fig:02' on page 3 undefined on input line 414.


LaTeX Warning: Reference `fig:02' on page 3 undefined on input line 423.


LaTeX Warning: Reference `fig:02' on page 3 undefined on input line 428.


LaTeX Warning: Reference `fig:02' on page 3 undefined on input line 433.


LaTeX Warning: Reference `fig:02' on page 3 undefined on input line 445.


LaTeX Warning: Reference `fig:02' on page 3 undefined on input line 450.


LaTeX Warning: Reference `fig:02' on page 3 undefined on input line 459.


LaTeX Warning: Reference `fig:02' on page 3 undefined on input line 461.


LaTeX Warning: Reference `fig:02' on page 3 undefined on input line 463.


LaTeX Warning: Reference `fig:02' on page 3 undefined on input line 490.


LaTeX Warning: Reference `fig:02' on page 3 undefined on input line 495.


LaTeX Warning: Reference `fig:02' on page 3 undefined on input line 500.


Overfull \hbox (252.0pt too wide) has occurred while \output is active
[][] 
 []

[3]

LaTeX Warning: Reference `fig:02' on page 4 undefined on input line 507.


LaTeX Warning: Reference `fig:02' on page 4 undefined on input line 519.


LaTeX Warning: Reference `fig:02' on page 4 undefined on input line 524.


Underfull \vbox (badness 10000) has occurred while \output is active []



LaTeX Warning: Reference `fig:02' on page 4 undefined on input line 533.

LaTeX Font Info:    Font shape `LY1/ptm/bx/n' in size <7> not available
(Font)              Font shape `LY1/ptm/b/n' tried instead on input line 560.

Underfull \hbox (badness 10000) in paragraph at lines 575--578
[]\LY1/ptm/m/n/7 Crenshaw, B.,III, and Jones, W.B.,Jr (2003) The future of clin
ical
 []


Underfull \hbox (badness 10000) in paragraph at lines 575--578
\LY1/ptm/m/n/7 cancer management: one tumor, one chip. \LY1/ptm/m/it/7 Bioinfor
matics\LY1/ptm/m/n/7 ,
 []


Underfull \vbox (badness 10000) has occurred while \output is active []

Extra height:28.0pt when 285.368pt

Underfull \vbox (badness 10000) has occurred while \output is active []

Extra height:28.0pt when 286.368pt

Underfull \vbox (badness 10000) has occurred while \output is active []

Extra height:28.0pt when 287.368pt

Underfull \vbox (badness 10000) has occurred while \output is active []

Extra height:28.0pt when 288.368pt

Underfull \vbox (badness 10000) has occurred while \output is active []

Extra height:0.0pt when 289.368pt

Underfull \vbox (badness 10000) has occurred while \output is active []

(2)Left:289.368pt Right:281.0pt Output:289.368pt
- LAST -
Extra skip:0.0pt
Left:289.368pt
Right:281.0pt
Output:289.368pt

Underfull \vbox (badness 10000) has occurred while \output is active []


Overfull \hbox (252.0pt too wide) has occurred while \output is active
[][] 
 []

[4] (./main.aux)

LaTeX Font Warning: Size substitutions with differences
(Font)              up to 1.25pt have occurred.


LaTeX Font Warning: Some font shapes were not available, defaults substituted.


LaTeX Warning: There were undefined references.

 ) 
Here is how much of TeX's memory you used:
 2788 strings out of 492970
 31554 string characters out of 6133937
 112373 words of memory out of 5000000
 6749 multiletter control sequences out of 15000+600000
 61993 words of font info for 109 fonts, out of 8000000 for 9000
 1352 hyphenation exceptions out of 8191
 34i,10n,29p,265b,352s stack positions out of 5000i,500n,10000p,200000b,80000s

Output written on main.pdf (4 pages).
